================================================================================
  M365 Assessment Issue Report
  Version:   v0.3.0
  Generated: 2026-03-05 09:21:05
  Tenant:    northwindtraders.onmicrosoft.com
  Output:    .\M365-Assessment\Assessment_20260305_091500
================================================================================

--- Issue 1 / 3 --------------------------------------------------
Severity:    WARNING
Section:     Identity
Collector:   App Registrations
Description: 2 app registrations have expired credentials that should be rotated or removed
Error:
Action:      Review expired credentials in Entra admin center > App registrations and rotate or remove unused apps
------------------------------------------------------------------------

--- Issue 2 / 3 --------------------------------------------------
Severity:    WARNING
Section:     Email
Collector:   DNS Authentication
Description: DKIM and DMARC not configured for secondary domain mail.northwindtraders.com
Error:       DKIM signing not enabled; DMARC record not found
Action:      Enable DKIM signing and publish a DMARC record for mail.northwindtraders.com in DNS
------------------------------------------------------------------------

--- Issue 3 / 3 --------------------------------------------------
Severity:    WARNING
Section:     Intune
Collector:   Device Summary
Description: 3 devices are non-compliant with assigned compliance policies
Error:
Action:      Review non-compliant devices in Intune admin center and remediate OS version or encryption requirements
------------------------------------------------------------------------

================================================================================
  Summary: 0 errors, 3 warnings, 0 info
================================================================================
